Determining if the strlcpy exist failed with the following output:
Change Dir: /home/xinyi/Workspace/NanoMQ_mirror/build_ci_small/CMakeFiles/CMakeTmp

Run Build Command(s):/usr/bin/gmake -f Makefile cmTC_65493/fast && /usr/bin/gmake  -f CMakeFiles/cmTC_65493.dir/build.make CMakeFiles/cmTC_65493.dir/build
gmake[1]: Entering directory '/home/xinyi/Workspace/NanoMQ_mirror/build_ci_small/CMakeFiles/CMakeTmp'
Building C object CMakeFiles/cmTC_65493.dir/CheckSymbolExists.c.o
/usr/bin/clang   -Wall -Wextra -fno-omit-frame-pointer -Wno-microsoft-anon-tag    -std=gnu99 -MD -MT CMakeFiles/cmTC_65493.dir/CheckSymbolExists.c.o -MF CMakeFiles/cmTC_65493.dir/CheckSymbolExists.c.o.d -o CMakeFiles/cmTC_65493.dir/CheckSymbolExists.c.o -c /home/xinyi/Workspace/NanoMQ_mirror/build_ci_small/CMakeFiles/CMakeTmp/CheckSymbolExists.c
/home/xinyi/Workspace/NanoMQ_mirror/build_ci_small/CMakeFiles/CMakeTmp/CheckSymbolExists.c:8:19: error: use of undeclared identifier 'strlcpy'
  return ((int*)(&strlcpy))[argc];
                  ^
1 error generated.
gmake[1]: *** [CMakeFiles/cmTC_65493.dir/build.make:79: CMakeFiles/cmTC_65493.dir/CheckSymbolExists.c.o] Error 1
gmake[1]: Leaving directory '/home/xinyi/Workspace/NanoMQ_mirror/build_ci_small/CMakeFiles/CMakeTmp'
gmake: *** [Makefile:127: cmTC_65493/fast] Error 2


File /home/xinyi/Workspace/NanoMQ_mirror/build_ci_small/CMakeFiles/CMakeTmp/CheckSymbolExists.c:
/* */
#include <string.h>

int main(int argc, char** argv)
{
  (void)argv;
#ifndef strlcpy
  return ((int*)(&strlcpy))[argc];
#else
  (void)argc;
  return 0;
#endif
}
Determining if the function arc4random_buf exists failed with the following output:
Change Dir: /home/xinyi/Workspace/NanoMQ_mirror/build_ci_small/CMakeFiles/CMakeTmp

Run Build Command(s):/usr/bin/gmake -f Makefile cmTC_ca5ec/fast && /usr/bin/gmake  -f CMakeFiles/cmTC_ca5ec.dir/build.make CMakeFiles/cmTC_ca5ec.dir/build
gmake[1]: Entering directory '/home/xinyi/Workspace/NanoMQ_mirror/build_ci_small/CMakeFiles/CMakeTmp'
Building C object CMakeFiles/cmTC_ca5ec.dir/CheckFunctionExists.c.o
/usr/bin/clang   -Wall -Wextra -fno-omit-frame-pointer -Wno-microsoft-anon-tag   -DCHECK_FUNCTION_EXISTS=arc4random_buf -std=gnu99 -MD -MT CMakeFiles/cmTC_ca5ec.dir/CheckFunctionExists.c.o -MF CMakeFiles/cmTC_ca5ec.dir/CheckFunctionExists.c.o.d -o CMakeFiles/cmTC_ca5ec.dir/CheckFunctionExists.c.o -c /usr/share/cmake-3.22/Modules/CheckFunctionExists.c
Linking C executable cmTC_ca5ec
/usr/bin/cmake -E cmake_link_script CMakeFiles/cmTC_ca5ec.dir/link.txt --verbose=1
/usr/bin/clang  -Wall -Wextra -fno-omit-frame-pointer -Wno-microsoft-anon-tag   -DCHECK_FUNCTION_EXISTS=arc4random_buf CMakeFiles/cmTC_ca5ec.dir/CheckFunctionExists.c.o -o cmTC_ca5ec 
/usr/bin/ld: CMakeFiles/cmTC_ca5ec.dir/CheckFunctionExists.c.o: in function `main':
CheckFunctionExists.c:(.text+0x17): undefined reference to `arc4random_buf'
clang: error: linker command failed with exit code 1 (use -v to see invocation)
gmake[1]: *** [CMakeFiles/cmTC_ca5ec.dir/build.make:100: cmTC_ca5ec] Error 1
gmake[1]: Leaving directory '/home/xinyi/Workspace/NanoMQ_mirror/build_ci_small/CMakeFiles/CMakeTmp'
gmake: *** [Makefile:127: cmTC_ca5ec/fast] Error 2



Determining if the function pthread_set_name_np exists in the pthread failed with the following output:
Change Dir: /home/xinyi/Workspace/NanoMQ_mirror/build_ci_small/CMakeFiles/CMakeTmp

Run Build Command(s):/usr/bin/gmake -f Makefile cmTC_5d3f9/fast && /usr/bin/gmake  -f CMakeFiles/cmTC_5d3f9.dir/build.make CMakeFiles/cmTC_5d3f9.dir/build
gmake[1]: Entering directory '/home/xinyi/Workspace/NanoMQ_mirror/build_ci_small/CMakeFiles/CMakeTmp'
Building C object CMakeFiles/cmTC_5d3f9.dir/CheckFunctionExists.c.o
/usr/bin/clang   -Wall -Wextra -fno-omit-frame-pointer -Wno-microsoft-anon-tag   -DCHECK_FUNCTION_EXISTS=pthread_set_name_np -std=gnu99 -MD -MT CMakeFiles/cmTC_5d3f9.dir/CheckFunctionExists.c.o -MF CMakeFiles/cmTC_5d3f9.dir/CheckFunctionExists.c.o.d -o CMakeFiles/cmTC_5d3f9.dir/CheckFunctionExists.c.o -c /usr/share/cmake-3.22/Modules/CheckFunctionExists.c
Linking C executable cmTC_5d3f9
/usr/bin/cmake -E cmake_link_script CMakeFiles/cmTC_5d3f9.dir/link.txt --verbose=1
/usr/bin/clang  -Wall -Wextra -fno-omit-frame-pointer -Wno-microsoft-anon-tag   -DCHECK_FUNCTION_EXISTS=pthread_set_name_np CMakeFiles/cmTC_5d3f9.dir/CheckFunctionExists.c.o -o cmTC_5d3f9  -lpthread 
/usr/bin/ld: CMakeFiles/cmTC_5d3f9.dir/CheckFunctionExists.c.o: in function `main':
CheckFunctionExists.c:(.text+0x17): undefined reference to `pthread_set_name_np'
clang: error: linker command failed with exit code 1 (use -v to see invocation)
gmake[1]: *** [CMakeFiles/cmTC_5d3f9.dir/build.make:100: cmTC_5d3f9] Error 1
gmake[1]: Leaving directory '/home/xinyi/Workspace/NanoMQ_mirror/build_ci_small/CMakeFiles/CMakeTmp'
gmake: *** [Makefile:127: cmTC_5d3f9/fast] Error 2



Determining if the function socket exists in the socket failed with the following output:
Change Dir: /home/xinyi/Workspace/NanoMQ_mirror/build_ci_small/CMakeFiles/CMakeTmp

Run Build Command(s):/usr/bin/gmake -f Makefile cmTC_35615/fast && /usr/bin/gmake  -f CMakeFiles/cmTC_35615.dir/build.make CMakeFiles/cmTC_35615.dir/build
gmake[1]: Entering directory '/home/xinyi/Workspace/NanoMQ_mirror/build_ci_small/CMakeFiles/CMakeTmp'
Building C object CMakeFiles/cmTC_35615.dir/CheckFunctionExists.c.o
/usr/bin/clang   -Wall -Wextra -fno-omit-frame-pointer -Wno-microsoft-anon-tag   -DCHECK_FUNCTION_EXISTS=socket -std=gnu99 -MD -MT CMakeFiles/cmTC_35615.dir/CheckFunctionExists.c.o -MF CMakeFiles/cmTC_35615.dir/CheckFunctionExists.c.o.d -o CMakeFiles/cmTC_35615.dir/CheckFunctionExists.c.o -c /usr/share/cmake-3.22/Modules/CheckFunctionExists.c
Linking C executable cmTC_35615
/usr/bin/cmake -E cmake_link_script CMakeFiles/cmTC_35615.dir/link.txt --verbose=1
/usr/bin/clang  -Wall -Wextra -fno-omit-frame-pointer -Wno-microsoft-anon-tag   -DCHECK_FUNCTION_EXISTS=socket CMakeFiles/cmTC_35615.dir/CheckFunctionExists.c.o -o cmTC_35615  -lsocket 
/usr/bin/ld: cannot find -lsocket: No such file or directory
clang: error: linker command failed with exit code 1 (use -v to see invocation)
gmake[1]: *** [CMakeFiles/cmTC_35615.dir/build.make:100: cmTC_35615] Error 1
gmake[1]: Leaving directory '/home/xinyi/Workspace/NanoMQ_mirror/build_ci_small/CMakeFiles/CMakeTmp'
gmake: *** [Makefile:127: cmTC_35615/fast] Error 2



Determining if the kqueue exist failed with the following output:
Change Dir: /home/xinyi/Workspace/NanoMQ_mirror/build_ci_small/CMakeFiles/CMakeTmp

Run Build Command(s):/usr/bin/gmake -f Makefile cmTC_876de/fast && /usr/bin/gmake  -f CMakeFiles/cmTC_876de.dir/build.make CMakeFiles/cmTC_876de.dir/build
gmake[1]: Entering directory '/home/xinyi/Workspace/NanoMQ_mirror/build_ci_small/CMakeFiles/CMakeTmp'
Building C object CMakeFiles/cmTC_876de.dir/CheckSymbolExists.c.o
/usr/bin/clang   -Wall -Wextra -fno-omit-frame-pointer -Wno-microsoft-anon-tag    -std=gnu99 -MD -MT CMakeFiles/cmTC_876de.dir/CheckSymbolExists.c.o -MF CMakeFiles/cmTC_876de.dir/CheckSymbolExists.c.o.d -o CMakeFiles/cmTC_876de.dir/CheckSymbolExists.c.o -c /home/xinyi/Workspace/NanoMQ_mirror/build_ci_small/CMakeFiles/CMakeTmp/CheckSymbolExists.c
/home/xinyi/Workspace/NanoMQ_mirror/build_ci_small/CMakeFiles/CMakeTmp/CheckSymbolExists.c:2:10: fatal error: 'sys/event.h' file not found
#include <sys/event.h>
         ^~~~~~~~~~~~~
1 error generated.
gmake[1]: *** [CMakeFiles/cmTC_876de.dir/build.make:79: CMakeFiles/cmTC_876de.dir/CheckSymbolExists.c.o] Error 1
gmake[1]: Leaving directory '/home/xinyi/Workspace/NanoMQ_mirror/build_ci_small/CMakeFiles/CMakeTmp'
gmake: *** [Makefile:127: cmTC_876de/fast] Error 2


File /home/xinyi/Workspace/NanoMQ_mirror/build_ci_small/CMakeFiles/CMakeTmp/CheckSymbolExists.c:
/* */
#include <sys/event.h>

int main(int argc, char** argv)
{
  (void)argv;
#ifndef kqueue
  return ((int*)(&kqueue))[argc];
#else
  (void)argc;
  return 0;
#endif
}
Determining if the port_create exist failed with the following output:
Change Dir: /home/xinyi/Workspace/NanoMQ_mirror/build_ci_small/CMakeFiles/CMakeTmp

Run Build Command(s):/usr/bin/gmake -f Makefile cmTC_baa1d/fast && /usr/bin/gmake  -f CMakeFiles/cmTC_baa1d.dir/build.make CMakeFiles/cmTC_baa1d.dir/build
gmake[1]: Entering directory '/home/xinyi/Workspace/NanoMQ_mirror/build_ci_small/CMakeFiles/CMakeTmp'
Building C object CMakeFiles/cmTC_baa1d.dir/CheckSymbolExists.c.o
/usr/bin/clang   -Wall -Wextra -fno-omit-frame-pointer -Wno-microsoft-anon-tag    -std=gnu99 -MD -MT CMakeFiles/cmTC_baa1d.dir/CheckSymbolExists.c.o -MF CMakeFiles/cmTC_baa1d.dir/CheckSymbolExists.c.o.d -o CMakeFiles/cmTC_baa1d.dir/CheckSymbolExists.c.o -c /home/xinyi/Workspace/NanoMQ_mirror/build_ci_small/CMakeFiles/CMakeTmp/CheckSymbolExists.c
/home/xinyi/Workspace/NanoMQ_mirror/build_ci_small/CMakeFiles/CMakeTmp/CheckSymbolExists.c:2:10: fatal error: 'port.h' file not found
#include <port.h>
         ^~~~~~~~
1 error generated.
gmake[1]: *** [CMakeFiles/cmTC_baa1d.dir/build.make:79: CMakeFiles/cmTC_baa1d.dir/CheckSymbolExists.c.o] Error 1
gmake[1]: Leaving directory '/home/xinyi/Workspace/NanoMQ_mirror/build_ci_small/CMakeFiles/CMakeTmp'
gmake: *** [Makefile:127: cmTC_baa1d/fast] Error 2


File /home/xinyi/Workspace/NanoMQ_mirror/build_ci_small/CMakeFiles/CMakeTmp/CheckSymbolExists.c:
/* */
#include <port.h>

int main(int argc, char** argv)
{
  (void)argv;
#ifndef port_create
  return ((int*)(&port_create))[argc];
#else
  (void)argc;
  return 0;
#endif
}
Determining if the getpeereid exist failed with the following output:
Change Dir: /home/xinyi/Workspace/NanoMQ_mirror/build_ci_small/CMakeFiles/CMakeTmp

Run Build Command(s):/usr/bin/gmake -f Makefile cmTC_49fa3/fast && /usr/bin/gmake  -f CMakeFiles/cmTC_49fa3.dir/build.make CMakeFiles/cmTC_49fa3.dir/build
gmake[1]: Entering directory '/home/xinyi/Workspace/NanoMQ_mirror/build_ci_small/CMakeFiles/CMakeTmp'
Building C object CMakeFiles/cmTC_49fa3.dir/CheckSymbolExists.c.o
/usr/bin/clang   -Wall -Wextra -fno-omit-frame-pointer -Wno-microsoft-anon-tag    -std=gnu99 -MD -MT CMakeFiles/cmTC_49fa3.dir/CheckSymbolExists.c.o -MF CMakeFiles/cmTC_49fa3.dir/CheckSymbolExists.c.o.d -o CMakeFiles/cmTC_49fa3.dir/CheckSymbolExists.c.o -c /home/xinyi/Workspace/NanoMQ_mirror/build_ci_small/CMakeFiles/CMakeTmp/CheckSymbolExists.c
/home/xinyi/Workspace/NanoMQ_mirror/build_ci_small/CMakeFiles/CMakeTmp/CheckSymbolExists.c:8:19: error: use of undeclared identifier 'getpeereid'
  return ((int*)(&getpeereid))[argc];
                  ^
1 error generated.
gmake[1]: *** [CMakeFiles/cmTC_49fa3.dir/build.make:79: CMakeFiles/cmTC_49fa3.dir/CheckSymbolExists.c.o] Error 1
gmake[1]: Leaving directory '/home/xinyi/Workspace/NanoMQ_mirror/build_ci_small/CMakeFiles/CMakeTmp'
gmake: *** [Makefile:127: cmTC_49fa3/fast] Error 2


File /home/xinyi/Workspace/NanoMQ_mirror/build_ci_small/CMakeFiles/CMakeTmp/CheckSymbolExists.c:
/* */
#include <unistd.h>

int main(int argc, char** argv)
{
  (void)argv;
#ifndef getpeereid
  return ((int*)(&getpeereid))[argc];
#else
  (void)argc;
  return 0;
#endif
}
Performing C SOURCE FILE Test NNG_HAVE_SOCKPEERCRED failed with the following output:
Change Dir: /home/xinyi/Workspace/NanoMQ_mirror/build_ci_small/CMakeFiles/CMakeTmp

Run Build Command(s):/usr/bin/gmake -f Makefile cmTC_6630f/fast && /usr/bin/gmake  -f CMakeFiles/cmTC_6630f.dir/build.make CMakeFiles/cmTC_6630f.dir/build
gmake[1]: Entering directory '/home/xinyi/Workspace/NanoMQ_mirror/build_ci_small/CMakeFiles/CMakeTmp'
Building C object CMakeFiles/cmTC_6630f.dir/src.c.o
/usr/bin/clang -DNNG_HAVE_SOCKPEERCRED  -Wall -Wextra -fno-omit-frame-pointer -Wno-microsoft-anon-tag    -std=gnu99 -MD -MT CMakeFiles/cmTC_6630f.dir/src.c.o -MF CMakeFiles/cmTC_6630f.dir/src.c.o.d -o CMakeFiles/cmTC_6630f.dir/src.c.o -c /home/xinyi/Workspace/NanoMQ_mirror/build_ci_small/CMakeFiles/CMakeTmp/src.c
/home/xinyi/Workspace/NanoMQ_mirror/build_ci_small/CMakeFiles/CMakeTmp/src.c:6:42: error: incomplete definition of type 'struct sockpeercred'
  (void)sizeof(((struct sockpeercred *)0)->uid);
               ~~~~~~~~~~~~~~~~~~~~~~~~~~^
/home/xinyi/Workspace/NanoMQ_mirror/build_ci_small/CMakeFiles/CMakeTmp/src.c:6:25: note: forward declaration of 'struct sockpeercred'
  (void)sizeof(((struct sockpeercred *)0)->uid);
                        ^
1 error generated.
gmake[1]: *** [CMakeFiles/cmTC_6630f.dir/build.make:79: CMakeFiles/cmTC_6630f.dir/src.c.o] Error 1
gmake[1]: Leaving directory '/home/xinyi/Workspace/NanoMQ_mirror/build_ci_small/CMakeFiles/CMakeTmp'
gmake: *** [Makefile:127: cmTC_6630f/fast] Error 2


Source file was:

#include <sys/socket.h>

int main()
{
  (void)sizeof(((struct sockpeercred *)0)->uid);
  return 0;
}

Determining if the LOCAL_PEERCRED exist failed with the following output:
Change Dir: /home/xinyi/Workspace/NanoMQ_mirror/build_ci_small/CMakeFiles/CMakeTmp

Run Build Command(s):/usr/bin/gmake -f Makefile cmTC_f23b9/fast && /usr/bin/gmake  -f CMakeFiles/cmTC_f23b9.dir/build.make CMakeFiles/cmTC_f23b9.dir/build
gmake[1]: Entering directory '/home/xinyi/Workspace/NanoMQ_mirror/build_ci_small/CMakeFiles/CMakeTmp'
Building C object CMakeFiles/cmTC_f23b9.dir/CheckSymbolExists.c.o
/usr/bin/clang   -Wall -Wextra -fno-omit-frame-pointer -Wno-microsoft-anon-tag    -std=gnu99 -MD -MT CMakeFiles/cmTC_f23b9.dir/CheckSymbolExists.c.o -MF CMakeFiles/cmTC_f23b9.dir/CheckSymbolExists.c.o.d -o CMakeFiles/cmTC_f23b9.dir/CheckSymbolExists.c.o -c /home/xinyi/Workspace/NanoMQ_mirror/build_ci_small/CMakeFiles/CMakeTmp/CheckSymbolExists.c
/home/xinyi/Workspace/NanoMQ_mirror/build_ci_small/CMakeFiles/CMakeTmp/CheckSymbolExists.c:8:19: error: use of undeclared identifier 'LOCAL_PEERCRED'
  return ((int*)(&LOCAL_PEERCRED))[argc];
                  ^
1 error generated.
gmake[1]: *** [CMakeFiles/cmTC_f23b9.dir/build.make:79: CMakeFiles/cmTC_f23b9.dir/CheckSymbolExists.c.o] Error 1
gmake[1]: Leaving directory '/home/xinyi/Workspace/NanoMQ_mirror/build_ci_small/CMakeFiles/CMakeTmp'
gmake: *** [Makefile:127: cmTC_f23b9/fast] Error 2


File /home/xinyi/Workspace/NanoMQ_mirror/build_ci_small/CMakeFiles/CMakeTmp/CheckSymbolExists.c:
/* */
#include <sys/un.h>

int main(int argc, char** argv)
{
  (void)argv;
#ifndef LOCAL_PEERCRED
  return ((int*)(&LOCAL_PEERCRED))[argc];
#else
  (void)argc;
  return 0;
#endif
}
Determining if the LOCAL_PEERPID exist failed with the following output:
Change Dir: /home/xinyi/Workspace/NanoMQ_mirror/build_ci_small/CMakeFiles/CMakeTmp

Run Build Command(s):/usr/bin/gmake -f Makefile cmTC_02393/fast && /usr/bin/gmake  -f CMakeFiles/cmTC_02393.dir/build.make CMakeFiles/cmTC_02393.dir/build
gmake[1]: Entering directory '/home/xinyi/Workspace/NanoMQ_mirror/build_ci_small/CMakeFiles/CMakeTmp'
Building C object CMakeFiles/cmTC_02393.dir/CheckSymbolExists.c.o
/usr/bin/clang   -Wall -Wextra -fno-omit-frame-pointer -Wno-microsoft-anon-tag    -std=gnu99 -MD -MT CMakeFiles/cmTC_02393.dir/CheckSymbolExists.c.o -MF CMakeFiles/cmTC_02393.dir/CheckSymbolExists.c.o.d -o CMakeFiles/cmTC_02393.dir/CheckSymbolExists.c.o -c /home/xinyi/Workspace/NanoMQ_mirror/build_ci_small/CMakeFiles/CMakeTmp/CheckSymbolExists.c
/home/xinyi/Workspace/NanoMQ_mirror/build_ci_small/CMakeFiles/CMakeTmp/CheckSymbolExists.c:8:19: error: use of undeclared identifier 'LOCAL_PEERPID'
  return ((int*)(&LOCAL_PEERPID))[argc];
                  ^
1 error generated.
gmake[1]: *** [CMakeFiles/cmTC_02393.dir/build.make:79: CMakeFiles/cmTC_02393.dir/CheckSymbolExists.c.o] Error 1
gmake[1]: Leaving directory '/home/xinyi/Workspace/NanoMQ_mirror/build_ci_small/CMakeFiles/CMakeTmp'
gmake: *** [Makefile:127: cmTC_02393/fast] Error 2


File /home/xinyi/Workspace/NanoMQ_mirror/build_ci_small/CMakeFiles/CMakeTmp/CheckSymbolExists.c:
/* */
#include <sys/un.h>

int main(int argc, char** argv)
{
  (void)argv;
#ifndef LOCAL_PEERPID
  return ((int*)(&LOCAL_PEERPID))[argc];
#else
  (void)argc;
  return 0;
#endif
}
Determining if the getpeerucred exist failed with the following output:
Change Dir: /home/xinyi/Workspace/NanoMQ_mirror/build_ci_small/CMakeFiles/CMakeTmp

Run Build Command(s):/usr/bin/gmake -f Makefile cmTC_bdcd3/fast && /usr/bin/gmake  -f CMakeFiles/cmTC_bdcd3.dir/build.make CMakeFiles/cmTC_bdcd3.dir/build
gmake[1]: Entering directory '/home/xinyi/Workspace/NanoMQ_mirror/build_ci_small/CMakeFiles/CMakeTmp'
Building C object CMakeFiles/cmTC_bdcd3.dir/CheckSymbolExists.c.o
/usr/bin/clang   -Wall -Wextra -fno-omit-frame-pointer -Wno-microsoft-anon-tag    -std=gnu99 -MD -MT CMakeFiles/cmTC_bdcd3.dir/CheckSymbolExists.c.o -MF CMakeFiles/cmTC_bdcd3.dir/CheckSymbolExists.c.o.d -o CMakeFiles/cmTC_bdcd3.dir/CheckSymbolExists.c.o -c /home/xinyi/Workspace/NanoMQ_mirror/build_ci_small/CMakeFiles/CMakeTmp/CheckSymbolExists.c
/home/xinyi/Workspace/NanoMQ_mirror/build_ci_small/CMakeFiles/CMakeTmp/CheckSymbolExists.c:2:10: fatal error: 'ucred.h' file not found
#include <ucred.h>
         ^~~~~~~~~
1 error generated.
gmake[1]: *** [CMakeFiles/cmTC_bdcd3.dir/build.make:79: CMakeFiles/cmTC_bdcd3.dir/CheckSymbolExists.c.o] Error 1
gmake[1]: Leaving directory '/home/xinyi/Workspace/NanoMQ_mirror/build_ci_small/CMakeFiles/CMakeTmp'
gmake: *** [Makefile:127: cmTC_bdcd3/fast] Error 2


File /home/xinyi/Workspace/NanoMQ_mirror/build_ci_small/CMakeFiles/CMakeTmp/CheckSymbolExists.c:
/* */
#include <ucred.h>

int main(int argc, char** argv)
{
  (void)argv;
#ifndef getpeerucred
  return ((int*)(&getpeerucred))[argc];
#else
  (void)argc;
  return 0;
#endif
}
Determining if the timespec_get exist failed with the following output:
Change Dir: /home/xinyi/Workspace/NanoMQ_mirror/build_ci_small/CMakeFiles/CMakeTmp

Run Build Command(s):/usr/bin/gmake -f Makefile cmTC_8c34a/fast && /usr/bin/gmake  -f CMakeFiles/cmTC_8c34a.dir/build.make CMakeFiles/cmTC_8c34a.dir/build
gmake[1]: Entering directory '/home/xinyi/Workspace/NanoMQ_mirror/build_ci_small/CMakeFiles/CMakeTmp'
Building C object CMakeFiles/cmTC_8c34a.dir/CheckSymbolExists.c.o
/usr/bin/clang   -Wall -Wextra -fno-omit-frame-pointer -Wno-microsoft-anon-tag    -std=gnu99 -MD -MT CMakeFiles/cmTC_8c34a.dir/CheckSymbolExists.c.o -MF CMakeFiles/cmTC_8c34a.dir/CheckSymbolExists.c.o.d -o CMakeFiles/cmTC_8c34a.dir/CheckSymbolExists.c.o -c /home/xinyi/Workspace/NanoMQ_mirror/build_ci_small/CMakeFiles/CMakeTmp/CheckSymbolExists.c
/home/xinyi/Workspace/NanoMQ_mirror/build_ci_small/CMakeFiles/CMakeTmp/CheckSymbolExists.c:8:19: error: use of undeclared identifier 'timespec_get'
  return ((int*)(&timespec_get))[argc];
                  ^
1 error generated.
gmake[1]: *** [CMakeFiles/cmTC_8c34a.dir/build.make:79: CMakeFiles/cmTC_8c34a.dir/CheckSymbolExists.c.o] Error 1
gmake[1]: Leaving directory '/home/xinyi/Workspace/NanoMQ_mirror/build_ci_small/CMakeFiles/CMakeTmp'
gmake: *** [Makefile:127: cmTC_8c34a/fast] Error 2


File /home/xinyi/Workspace/NanoMQ_mirror/build_ci_small/CMakeFiles/CMakeTmp/CheckSymbolExists.c:
/* */
#include <time.h>

int main(int argc, char** argv)
{
  (void)argv;
#ifndef timespec_get
  return ((int*)(&timespec_get))[argc];
#else
  (void)argc;
  return 0;
#endif
}
