The system is: Linux - 6.8.0-87-generic - x86_64
Compiling the C compiler identification source file "CMakeCCompilerId.c" succeeded.
Compiler: /usr/bin/clang 
Build flags: -O1;-fno-omit-frame-pointer;-gline-tables-only;-Wno-error=incompatible-function-pointer-types;-Wno-error=int-conversion;-Wno-error=deprecated-declarations;-Wno-error=implicit-function-declaration;-Wno-error=implicit-int;-Wno-error=unknown-warning-option;-Wno-error=vla-cxx-extension;-DFUZZING_BUILD_MODE_UNSAFE_FOR_PRODUCTION;-fsanitize=address;-fsanitize-address-use-after-scope;-fsanitize=fuzzer-no-link
Id flags:  

The output was:
0
warning: unknown warning option '-Werror=vla-cxx-extension'; did you mean '-Werror=vla-extension'? [-Wunknown-warning-option]
1 warning generated.


Compilation of the C compiler identification source "CMakeCCompilerId.c" produced "a.out"

The C compiler identification is Clang, found in "/home/xinyi/Workspace/NanoMQ_mirror/build_ci/CMakeFiles/3.22.1/CompilerIdC/a.out"

Compiling the CXX compiler identification source file "CMakeCXXCompilerId.cpp" succeeded.
Compiler: /usr/bin/clang++ 
Build flags: -O1;-fno-omit-frame-pointer;-gline-tables-only;-Wno-error=incompatible-function-pointer-types;-Wno-error=int-conversion;-Wno-error=deprecated-declarations;-Wno-error=implicit-function-declaration;-Wno-error=implicit-int;-Wno-error=unknown-warning-option;-Wno-error=vla-cxx-extension;-DFUZZING_BUILD_MODE_UNSAFE_FOR_PRODUCTION;-fsanitize=address;-fsanitize-address-use-after-scope;-fsanitize=fuzzer-no-link;-stdlib=libc++
Id flags: -c 

The output was:
0
warning: unknown warning option '-Werror=vla-cxx-extension'; did you mean '-Werror=vla-extension'? [-Wunknown-warning-option]
1 warning generated.


Compilation of the CXX compiler identification source "CMakeCXXCompilerId.cpp" produced "CMakeCXXCompilerId.o"

The CXX compiler identification is Clang, found in "/home/xinyi/Workspace/NanoMQ_mirror/build_ci/CMakeFiles/3.22.1/CompilerIdCXX/CMakeCXXCompilerId.o"

Detecting C compiler ABI info compiled with the following output:
Change Dir: /home/xinyi/Workspace/NanoMQ_mirror/build_ci/CMakeFiles/CMakeTmp

Run Build Command(s):/usr/bin/gmake -f Makefile cmTC_05607/fast && /usr/bin/gmake  -f CMakeFiles/cmTC_05607.dir/build.make CMakeFiles/cmTC_05607.dir/build
gmake[1]: Entering directory '/home/xinyi/Workspace/NanoMQ_mirror/build_ci/CMakeFiles/CMakeTmp'
Building C object CMakeFiles/cmTC_05607.dir/CMakeCCompilerABI.c.o
/usr/bin/clang   -O1 -fno-omit-frame-pointer -gline-tables-only -Wno-error=incompatible-function-pointer-types -Wno-error=int-conversion -Wno-error=deprecated-declarations -Wno-error=implicit-function-declaration -Wno-error=implicit-int -Wno-error=unknown-warning-option -Wno-error=vla-cxx-extension -DFUZZING_BUILD_MODE_UNSAFE_FOR_PRODUCTION -fsanitize=address -fsanitize-address-use-after-scope -fsanitize=fuzzer-no-link    -v -std=gnu99 -MD -MT CMakeFiles/cmTC_05607.dir/CMakeCCompilerABI.c.o -MF CMakeFiles/cmTC_05607.dir/CMakeCCompilerABI.c.o.d -o CMakeFiles/cmTC_05607.dir/CMakeCCompilerABI.c.o -c /usr/share/cmake-3.22/Modules/CMakeCCompilerABI.c
Ubuntu clang version 14.0.0-1ubuntu1.1
Target: x86_64-pc-linux-gnu
Thread model: posix
InstalledDir: /usr/bin
Found candidate GCC installation: /usr/bin/../lib/gcc/x86_64-linux-gnu/11
Selected GCC installation: /usr/bin/../lib/gcc/x86_64-linux-gnu/11
Candidate multilib: .;@m64
Selected multilib: .;@m64
 (in-process)
 "/usr/lib/llvm-14/bin/clang" -cc1 -triple x86_64-pc-linux-gnu -emit-obj --mrelax-relocations -disable-free -clear-ast-before-backend -disable-llvm-verifier -discard-value-names -main-file-name CMakeCCompilerABI.c -mrelocation-model pic -pic-level 2 -pic-is-pie -mframe-pointer=all -fmath-errno -ffp-contract=on -fno-rounding-math -mconstructor-aliases -funwind-tables=2 -target-cpu x86-64 -tune-cpu generic -mllvm -treat-scalable-fixed-error-as-warning -debug-info-kind=line-tables-only -dwarf-version=5 -debugger-tuning=gdb -v -fcoverage-compilation-dir=/home/xinyi/Workspace/NanoMQ_mirror/build_ci/CMakeFiles/CMakeTmp -resource-dir /usr/lib/llvm-14/lib/clang/14.0.0 -dependency-file CMakeFiles/cmTC_05607.dir/CMakeCCompilerABI.c.o.d -MT CMakeFiles/cmTC_05607.dir/CMakeCCompilerABI.c.o -sys-header-deps -D FUZZING_BUILD_MODE_UNSAFE_FOR_PRODUCTION -internal-isystem /usr/lib/llvm-14/lib/clang/14.0.0/include -internal-isystem /usr/local/include -internal-isystem /usr/bin/../lib/gcc/x86_64-linux-gnu/11/../../../../x86_64-linux-gnu/include -internal-externc-isystem /usr/include/x86_64-linux-gnu -internal-externc-isystem /include -internal-externc-isystem /usr/include -O1 -Wno-error=incompatible-function-pointer-types -Wno-error=int-conversion -Wno-error=deprecated-declarations -Wno-error=implicit-function-declaration -Wno-error=implicit-int -Wno-error=unknown-warning-option -Wno-error=vla-cxx-extension -std=gnu99 -fdebug-compilation-dir=/home/xinyi/Workspace/NanoMQ_mirror/build_ci/CMakeFiles/CMakeTmp -ferror-limit 19 -fsanitize-coverage-type=1 -fsanitize-coverage-type=3 -fsanitize-coverage-indirect-calls -fsanitize-coverage-trace-cmp -fsanitize-coverage-inline-8bit-counters -fsanitize-coverage-pc-table -fsanitize-coverage-stack-depth -fsanitize=address,fuzzer-no-link -fsanitize-system-ignorelist=/usr/lib/llvm-14/lib/clang/14.0.0/share/asan_ignorelist.txt -fsanitize-address-use-after-scope -fno-assume-sane-operator-new -fno-builtin-bcmp -fno-builtin-memcmp -fno-builtin-strncmp -fno-builtin-strcmp -fno-builtin-strncasecmp -fno-builtin-strcasecmp -fno-builtin-strstr -fno-builtin-strcasestr -fno-builtin-memmem -fgnuc-version=4.2.1 -faddrsig -D__GCC_HAVE_DWARF2_CFI_ASM=1 -o CMakeFiles/cmTC_05607.dir/CMakeCCompilerABI.c.o -x c /usr/share/cmake-3.22/Modules/CMakeCCompilerABI.c
warning: unknown warning option '-Werror=vla-cxx-extension'; did you mean '-Werror=vla-extension'? [-Wunknown-warning-option]
clang -cc1 version 14.0.0 based upon LLVM 14.0.0 default target x86_64-pc-linux-gnu
ignoring nonexistent directory "/usr/bin/../lib/gcc/x86_64-linux-gnu/11/../../../../x86_64-linux-gnu/include"
ignoring nonexistent directory "/include"
#include "..." search starts here:
#include <...> search starts here:
 /usr/lib/llvm-14/lib/clang/14.0.0/include
 /usr/local/include
 /usr/include/x86_64-linux-gnu
 /usr/include
End of search list.
1 warning generated.
Linking C executable cmTC_05607
/usr/bin/cmake -E cmake_link_script CMakeFiles/cmTC_05607.dir/link.txt --verbose=1
/usr/bin/clang -O1 -fno-omit-frame-pointer -gline-tables-only -Wno-error=incompatible-function-pointer-types -Wno-error=int-conversion -Wno-error=deprecated-declarations -Wno-error=implicit-function-declaration -Wno-error=implicit-int -Wno-error=unknown-warning-option -Wno-error=vla-cxx-extension -DFUZZING_BUILD_MODE_UNSAFE_FOR_PRODUCTION -fsanitize=address -fsanitize-address-use-after-scope -fsanitize=fuzzer-no-link   -v CMakeFiles/cmTC_05607.dir/CMakeCCompilerABI.c.o -o cmTC_05607 
Ubuntu clang version 14.0.0-1ubuntu1.1
Target: x86_64-pc-linux-gnu
Thread model: posix
InstalledDir: /usr/bin
Found candidate GCC installation: /usr/bin/../lib/gcc/x86_64-linux-gnu/11
Selected GCC installation: /usr/bin/../lib/gcc/x86_64-linux-gnu/11
Candidate multilib: .;@m64
Selected multilib: .;@m64
 "/usr/bin/ld" -pie -z relro --hash-style=gnu --build-id --eh-frame-hdr -m elf_x86_64 -dynamic-linker /lib64/ld-linux-x86-64.so.2 -o cmTC_05607 /lib/x86_64-linux-gnu/Scrt1.o /lib/x86_64-linux-gnu/crti.o /usr/bin/../lib/gcc/x86_64-linux-gnu/11/crtbeginS.o -L/usr/bin/../lib/gcc/x86_64-linux-gnu/11 -L/usr/bin/../lib/gcc/x86_64-linux-gnu/11/../../../../lib64 -L/lib/x86_64-linux-gnu -L/lib/../lib64 -L/usr/lib/x86_64-linux-gnu -L/usr/lib/../lib64 -L/usr/lib/llvm-14/bin/../lib -L/lib -L/usr/lib --whole-archive /usr/lib/llvm-14/lib/clang/14.0.0/lib/linux/libclang_rt.asan_static-x86_64.a --no-whole-archive --whole-archive /usr/lib/llvm-14/lib/clang/14.0.0/lib/linux/libclang_rt.asan-x86_64.a --no-whole-archive --dynamic-list=/usr/lib/llvm-14/lib/clang/14.0.0/lib/linux/libclang_rt.asan-x86_64.a.syms CMakeFiles/cmTC_05607.dir/CMakeCCompilerABI.c.o --no-as-needed -lpthread -lrt -lm -ldl -lgcc --as-needed -lgcc_s --no-as-needed -lc -lgcc --as-needed -lgcc_s --no-as-needed /usr/bin/../lib/gcc/x86_64-linux-gnu/11/crtendS.o /lib/x86_64-linux-gnu/crtn.o
gmake[1]: Leaving directory '/home/xinyi/Workspace/NanoMQ_mirror/build_ci/CMakeFiles/CMakeTmp'



Parsed C implicit include dir info from above output: rv=done
  found start of include info
  found start of implicit include info
    add: [/usr/lib/llvm-14/lib/clang/14.0.0/include]
    add: [/usr/local/include]
    add: [/usr/include/x86_64-linux-gnu]
    add: [/usr/include]
  end of search list found
  collapse include dir [/usr/lib/llvm-14/lib/clang/14.0.0/include] ==> [/usr/lib/llvm-14/lib/clang/14.0.0/include]
  collapse include dir [/usr/local/include] ==> [/usr/local/include]
  collapse include dir [/usr/include/x86_64-linux-gnu] ==> [/usr/include/x86_64-linux-gnu]
  collapse include dir [/usr/include] ==> [/usr/include]
  implicit include dirs: [/usr/lib/llvm-14/lib/clang/14.0.0/include;/usr/local/include;/usr/include/x86_64-linux-gnu;/usr/include]


Parsed C implicit link information from above output:
  link line regex: [^( *|.*[/\])(ld|CMAKE_LINK_STARTFILE-NOTFOUND|([^/\]+-)?ld|collect2)[^/\]*( |$)]
  ignore line: [Change Dir: /home/xinyi/Workspace/NanoMQ_mirror/build_ci/CMakeFiles/CMakeTmp]
  ignore line: []
  ignore line: [Run Build Command(s):/usr/bin/gmake -f Makefile cmTC_05607/fast && /usr/bin/gmake  -f CMakeFiles/cmTC_05607.dir/build.make CMakeFiles/cmTC_05607.dir/build]
  ignore line: [gmake[1]: Entering directory '/home/xinyi/Workspace/NanoMQ_mirror/build_ci/CMakeFiles/CMakeTmp']
  ignore line: [Building C object CMakeFiles/cmTC_05607.dir/CMakeCCompilerABI.c.o]
  ignore line: [/usr/bin/clang   -O1 -fno-omit-frame-pointer -gline-tables-only -Wno-error=incompatible-function-pointer-types -Wno-error=int-conversion -Wno-error=deprecated-declarations -Wno-error=implicit-function-declaration -Wno-error=implicit-int -Wno-error=unknown-warning-option -Wno-error=vla-cxx-extension -DFUZZING_BUILD_MODE_UNSAFE_FOR_PRODUCTION -fsanitize=address -fsanitize-address-use-after-scope -fsanitize=fuzzer-no-link    -v -std=gnu99 -MD -MT CMakeFiles/cmTC_05607.dir/CMakeCCompilerABI.c.o -MF CMakeFiles/cmTC_05607.dir/CMakeCCompilerABI.c.o.d -o CMakeFiles/cmTC_05607.dir/CMakeCCompilerABI.c.o -c /usr/share/cmake-3.22/Modules/CMakeCCompilerABI.c]
  ignore line: [Ubuntu clang version 14.0.0-1ubuntu1.1]
  ignore line: [Target: x86_64-pc-linux-gnu]
  ignore line: [Thread model: posix]
  ignore line: [InstalledDir: /usr/bin]
  ignore line: [Found candidate GCC installation: /usr/bin/../lib/gcc/x86_64-linux-gnu/11]
  ignore line: [Selected GCC installation: /usr/bin/../lib/gcc/x86_64-linux-gnu/11]
  ignore line: [Candidate multilib: .]
  ignore line: [@m64]
  ignore line: [Selected multilib: .]
  ignore line: [@m64]
  ignore line: [ (in-process)]
  ignore line: [ "/usr/lib/llvm-14/bin/clang" -cc1 -triple x86_64-pc-linux-gnu -emit-obj --mrelax-relocations -disable-free -clear-ast-before-backend -disable-llvm-verifier -discard-value-names -main-file-name CMakeCCompilerABI.c -mrelocation-model pic -pic-level 2 -pic-is-pie -mframe-pointer=all -fmath-errno -ffp-contract=on -fno-rounding-math -mconstructor-aliases -funwind-tables=2 -target-cpu x86-64 -tune-cpu generic -mllvm -treat-scalable-fixed-error-as-warning -debug-info-kind=line-tables-only -dwarf-version=5 -debugger-tuning=gdb -v -fcoverage-compilation-dir=/home/xinyi/Workspace/NanoMQ_mirror/build_ci/CMakeFiles/CMakeTmp -resource-dir /usr/lib/llvm-14/lib/clang/14.0.0 -dependency-file CMakeFiles/cmTC_05607.dir/CMakeCCompilerABI.c.o.d -MT CMakeFiles/cmTC_05607.dir/CMakeCCompilerABI.c.o -sys-header-deps -D FUZZING_BUILD_MODE_UNSAFE_FOR_PRODUCTION -internal-isystem /usr/lib/llvm-14/lib/clang/14.0.0/include -internal-isystem /usr/local/include -internal-isystem /usr/bin/../lib/gcc/x86_64-linux-gnu/11/../../../../x86_64-linux-gnu/include -internal-externc-isystem /usr/include/x86_64-linux-gnu -internal-externc-isystem /include -internal-externc-isystem /usr/include -O1 -Wno-error=incompatible-function-pointer-types -Wno-error=int-conversion -Wno-error=deprecated-declarations -Wno-error=implicit-function-declaration -Wno-error=implicit-int -Wno-error=unknown-warning-option -Wno-error=vla-cxx-extension -std=gnu99 -fdebug-compilation-dir=/home/xinyi/Workspace/NanoMQ_mirror/build_ci/CMakeFiles/CMakeTmp -ferror-limit 19 -fsanitize-coverage-type=1 -fsanitize-coverage-type=3 -fsanitize-coverage-indirect-calls -fsanitize-coverage-trace-cmp -fsanitize-coverage-inline-8bit-counters -fsanitize-coverage-pc-table -fsanitize-coverage-stack-depth -fsanitize=address fuzzer-no-link -fsanitize-system-ignorelist=/usr/lib/llvm-14/lib/clang/14.0.0/share/asan_ignorelist.txt -fsanitize-address-use-after-scope -fno-assume-sane-operator-new -fno-builtin-bcmp -fno-builtin-memcmp -fno-builtin-strncmp -fno-builtin-strcmp -fno-builtin-strncasecmp -fno-builtin-strcasecmp -fno-builtin-strstr -fno-builtin-strcasestr -fno-builtin-memmem -fgnuc-version=4.2.1 -faddrsig -D__GCC_HAVE_DWARF2_CFI_ASM=1 -o CMakeFiles/cmTC_05607.dir/CMakeCCompilerABI.c.o -x c /usr/share/cmake-3.22/Modules/CMakeCCompilerABI.c]
  ignore line: [warning: unknown warning option '-Werror=vla-cxx-extension']
  ignore line: [ did you mean '-Werror=vla-extension'? [-Wunknown-warning-option]]
  ignore line: [clang -cc1 version 14.0.0 based upon LLVM 14.0.0 default target x86_64-pc-linux-gnu]
  ignore line: [ignoring nonexistent directory "/usr/bin/../lib/gcc/x86_64-linux-gnu/11/../../../../x86_64-linux-gnu/include"]
  ignore line: [ignoring nonexistent directory "/include"]
  ignore line: [#include "..." search starts here:]
  ignore line: [#include <...> search starts here:]
  ignore line: [ /usr/lib/llvm-14/lib/clang/14.0.0/include]
  ignore line: [ /usr/local/include]
  ignore line: [ /usr/include/x86_64-linux-gnu]
  ignore line: [ /usr/include]
  ignore line: [End of search list.]
  ignore line: [1 warning generated.]
  ignore line: [Linking C executable cmTC_05607]
  ignore line: [/usr/bin/cmake -E cmake_link_script CMakeFiles/cmTC_05607.dir/link.txt --verbose=1]
  ignore line: [/usr/bin/clang -O1 -fno-omit-frame-pointer -gline-tables-only -Wno-error=incompatible-function-pointer-types -Wno-error=int-conversion -Wno-error=deprecated-declarations -Wno-error=implicit-function-declaration -Wno-error=implicit-int -Wno-error=unknown-warning-option -Wno-error=vla-cxx-extension -DFUZZING_BUILD_MODE_UNSAFE_FOR_PRODUCTION -fsanitize=address -fsanitize-address-use-after-scope -fsanitize=fuzzer-no-link   -v CMakeFiles/cmTC_05607.dir/CMakeCCompilerABI.c.o -o cmTC_05607 ]
  ignore line: [Ubuntu clang version 14.0.0-1ubuntu1.1]
  ignore line: [Target: x86_64-pc-linux-gnu]
  ignore line: [Thread model: posix]
  ignore line: [InstalledDir: /usr/bin]
  ignore line: [Found candidate GCC installation: /usr/bin/../lib/gcc/x86_64-linux-gnu/11]
  ignore line: [Selected GCC installation: /usr/bin/../lib/gcc/x86_64-linux-gnu/11]
  ignore line: [Candidate multilib: .]
  ignore line: [@m64]
  ignore line: [Selected multilib: .]
  ignore line: [@m64]
  link line: [ "/usr/bin/ld" -pie -z relro --hash-style=gnu --build-id --eh-frame-hdr -m elf_x86_64 -dynamic-linker /lib64/ld-linux-x86-64.so.2 -o cmTC_05607 /lib/x86_64-linux-gnu/Scrt1.o /lib/x86_64-linux-gnu/crti.o /usr/bin/../lib/gcc/x86_64-linux-gnu/11/crtbeginS.o -L/usr/bin/../lib/gcc/x86_64-linux-gnu/11 -L/usr/bin/../lib/gcc/x86_64-linux-gnu/11/../../../../lib64 -L/lib/x86_64-linux-gnu -L/lib/../lib64 -L/usr/lib/x86_64-linux-gnu -L/usr/lib/../lib64 -L/usr/lib/llvm-14/bin/../lib -L/lib -L/usr/lib --whole-archive /usr/lib/llvm-14/lib/clang/14.0.0/lib/linux/libclang_rt.asan_static-x86_64.a --no-whole-archive --whole-archive /usr/lib/llvm-14/lib/clang/14.0.0/lib/linux/libclang_rt.asan-x86_64.a --no-whole-archive --dynamic-list=/usr/lib/llvm-14/lib/clang/14.0.0/lib/linux/libclang_rt.asan-x86_64.a.syms CMakeFiles/cmTC_05607.dir/CMakeCCompilerABI.c.o --no-as-needed -lpthread -lrt -lm -ldl -lgcc --as-needed -lgcc_s --no-as-needed -lc -lgcc --as-needed -lgcc_s --no-as-needed /usr/bin/../lib/gcc/x86_64-linux-gnu/11/crtendS.o /lib/x86_64-linux-gnu/crtn.o]
    arg [/usr/bin/ld] ==> ignore
    arg [-pie] ==> ignore
    arg [-zrelro] ==> ignore
    arg [--hash-style=gnu] ==> ignore
    arg [--build-id] ==> ignore
    arg [--eh-frame-hdr] ==> ignore
    arg [-m] ==> ignore
    arg [elf_x86_64] ==> ignore
    arg [-dynamic-linker] ==> ignore
    arg [/lib64/ld-linux-x86-64.so.2] ==> ignore
    arg [-o] ==> ignore
    arg [cmTC_05607] ==> ignore
    arg [/lib/x86_64-linux-gnu/Scrt1.o] ==> obj [/lib/x86_64-linux-gnu/Scrt1.o]
    arg [/lib/x86_64-linux-gnu/crti.o] ==> obj [/lib/x86_64-linux-gnu/crti.o]
    arg [/usr/bin/../lib/gcc/x86_64-linux-gnu/11/crtbeginS.o] ==> obj [/usr/bin/../lib/gcc/x86_64-linux-gnu/11/crtbeginS.o]
    arg [-L/usr/bin/../lib/gcc/x86_64-linux-gnu/11] ==> dir [/usr/bin/../lib/gcc/x86_64-linux-gnu/11]
    arg [-L/usr/bin/../lib/gcc/x86_64-linux-gnu/11/../../../../lib64] ==> dir [/usr/bin/../lib/gcc/x86_64-linux-gnu/11/../../../../lib64]
    arg [-L/lib/x86_64-linux-gnu] ==> dir [/lib/x86_64-linux-gnu]
    arg [-L/lib/../lib64] ==> dir [/lib/../lib64]
    arg [-L/usr/lib/x86_64-linux-gnu] ==> dir [/usr/lib/x86_64-linux-gnu]
    arg [-L/usr/lib/../lib64] ==> dir [/usr/lib/../lib64]
    arg [-L/usr/lib/llvm-14/bin/../lib] ==> dir [/usr/lib/llvm-14/bin/../lib]
    arg [-L/lib] ==> dir [/lib]
    arg [-L/usr/lib] ==> dir [/usr/lib]
    arg [--whole-archive] ==> ignore
    arg [/usr/lib/llvm-14/lib/clang/14.0.0/lib/linux/libclang_rt.asan_static-x86_64.a] ==> lib [/usr/lib/llvm-14/lib/clang/14.0.0/lib/linux/libclang_rt.asan_static-x86_64.a]
    arg [--no-whole-archive] ==> ignore
    arg [--whole-archive] ==> ignore
    arg [/usr/lib/llvm-14/lib/clang/14.0.0/lib/linux/libclang_rt.asan-x86_64.a] ==> lib [/usr/lib/llvm-14/lib/clang/14.0.0/lib/linux/libclang_rt.asan-x86_64.a]
    arg [--no-whole-archive] ==> ignore
    arg [--dynamic-list=/usr/lib/llvm-14/lib/clang/14.0.0/lib/linux/libclang_rt.asan-x86_64.a.syms] ==> ignore
    arg [CMakeFiles/cmTC_05607.dir/CMakeCCompilerABI.c.o] ==> ignore
    arg [--no-as-needed] ==> ignore
    arg [-lpthread] ==> lib [pthread]
    arg [-lrt] ==> lib [rt]
    arg [-lm] ==> lib [m]
    arg [-ldl] ==> lib [dl]
    arg [-lgcc] ==> lib [gcc]
    arg [--as-needed] ==> ignore
    arg [-lgcc_s] ==> lib [gcc_s]
    arg [--no-as-needed] ==> ignore
    arg [-lc] ==> lib [c]
    arg [-lgcc] ==> lib [gcc]
    arg [--as-needed] ==> ignore
    arg [-lgcc_s] ==> lib [gcc_s]
    arg [--no-as-needed] ==> ignore
    arg [/usr/bin/../lib/gcc/x86_64-linux-gnu/11/crtendS.o] ==> obj [/usr/bin/../lib/gcc/x86_64-linux-gnu/11/crtendS.o]
    arg [/lib/x86_64-linux-gnu/crtn.o] ==> obj [/lib/x86_64-linux-gnu/crtn.o]
  remove lib [/usr/lib/llvm-14/lib/clang/14.0.0/lib/linux/libclang_rt.asan_static-x86_64.a]
  remove lib [/usr/lib/llvm-14/lib/clang/14.0.0/lib/linux/libclang_rt.asan-x86_64.a]
  collapse obj [/usr/bin/../lib/gcc/x86_64-linux-gnu/11/crtbeginS.o] ==> [/usr/lib/gcc/x86_64-linux-gnu/11/crtbeginS.o]
  collapse obj [/usr/bin/../lib/gcc/x86_64-linux-gnu/11/crtendS.o] ==> [/usr/lib/gcc/x86_64-linux-gnu/11/crtendS.o]
  collapse library dir [/usr/bin/../lib/gcc/x86_64-linux-gnu/11] ==> [/usr/lib/gcc/x86_64-linux-gnu/11]
  collapse library dir [/usr/bin/../lib/gcc/x86_64-linux-gnu/11/../../../../lib64] ==> [/usr/lib64]
  collapse library dir [/lib/x86_64-linux-gnu] ==> [/lib/x86_64-linux-gnu]
  collapse library dir [/lib/../lib64] ==> [/lib64]
  collapse library dir [/usr/lib/x86_64-linux-gnu] ==> [/usr/lib/x86_64-linux-gnu]
  collapse library dir [/usr/lib/../lib64] ==> [/usr/lib64]
  collapse library dir [/usr/lib/llvm-14/bin/../lib] ==> [/usr/lib/llvm-14/lib]
  collapse library dir [/lib] ==> [/lib]
  collapse library dir [/usr/lib] ==> [/usr/lib]
  implicit libs: [pthread;rt;m;dl;gcc;gcc_s;c;gcc;gcc_s]
  implicit objs: [/lib/x86_64-linux-gnu/Scrt1.o;/lib/x86_64-linux-gnu/crti.o;/usr/lib/gcc/x86_64-linux-gnu/11/crtbeginS.o;/usr/lib/gcc/x86_64-linux-gnu/11/crtendS.o;/lib/x86_64-linux-gnu/crtn.o]
  implicit dirs: [/usr/lib/gcc/x86_64-linux-gnu/11;/usr/lib64;/lib/x86_64-linux-gnu;/lib64;/usr/lib/x86_64-linux-gnu;/usr/lib/llvm-14/lib;/lib;/usr/lib]
  implicit fwks: []


